GROUP,PACKAGE,CLASS,INSTRUCTION_MISSED,INSTRUCTION_COVERED,BRANCH_MISSED,BRANCH_COVERED,LINE_MISSED,LINE_COVERED,COMPLEXITY_MISSED,COMPLEXITY_COVERED,METHOD_MISSED,METHOD_COVERED
Klojang JDBC,org.klojang.jdbc.x.rs,ColumnReaderFactory,51,250,9,15,14,60,7,17,0,12
Klojang JDBC,org.klojang.jdbc.x.rs,KeyWriter,120,0,4,0,28,0,7,0,5,0
Klojang JDBC,org.klojang.jdbc.x.rs,RecordFactory,15,202,2,6,5,43,2,10,0,8
Klojang JDBC,org.klojang.jdbc.x.rs,ResultSetMethod,20,121,2,2,5,43,2,6,0,6
Klojang JDBC,org.klojang.jdbc.x.rs,ColumnReader,0,45,0,2,0,14,0,6,0,5
Klojang JDBC,org.klojang.jdbc.x.rs,PropertyWriter,6,194,1,7,2,45,1,10,0,7
Klojang JDBC,org.klojang.jdbc.x.rs,RecordFactory.WriteConfig,0,9,0,0,0,1,0,1,0,1
Klojang JDBC,org.klojang.jdbc.x.rs,ResultSetMethodLookup,180,0,2,0,33,0,5,0,4,0
Klojang JDBC,org.klojang.jdbc.x.rs,ComponentWriter,0,36,0,0,0,10,0,3,0,3
Klojang JDBC,org.klojang.jdbc.x.sql,BatchInsertConfig,0,24,0,0,0,1,0,1,0,1
Klojang JDBC,org.klojang.jdbc.x.sql,ParamExtractor,20,210,3,25,2,54,3,20,0,9
Klojang JDBC,org.klojang.jdbc.x.sql,SQLInfo,0,29,0,0,0,7,0,3,0,3
Klojang JDBC,org.klojang.jdbc.x.sql,NamedParameter,0,9,0,0,0,1,0,1,0,1
Klojang JDBC,org.klojang.jdbc.x.ps,ValueBinder,18,55,3,3,2,19,4,7,1,7
Klojang JDBC,org.klojang.jdbc.x.ps,ValueBinderFactory,47,97,0,0,7,22,1,6,1,6
Klojang JDBC,org.klojang.jdbc.x.ps,PropertyBinder,40,159,9,9,6,33,7,9,0,7
Klojang JDBC,org.klojang.jdbc.x.ps,ValueBinderLookup,0,17,0,0,0,3,0,3,0,3
Klojang JDBC,org.klojang.jdbc.x.ps,MapBinder,40,104,11,9,5,25,9,6,0,5
Klojang JDBC,org.klojang.jdbc.x.ps,DefaultBinders,2,60,1,1,1,21,1,3,0,3
Klojang JDBC,org.klojang.jdbc.x.ps,BeanBinder,0,26,0,0,0,7,0,3,0,3
Klojang JDBC,org.klojang.jdbc.x.ps,PreparedStatementMethod,19,159,2,2,6,49,3,6,1,6
Klojang JDBC,org.klojang.jdbc,EmptyMappifier,20,0,0,0,8,0,8,0,8,0
Klojang JDBC,org.klojang.jdbc,SimpleSQLSession,0,62,0,0,0,11,0,6,0,6
Klojang JDBC,org.klojang.jdbc,SQLExpression,0,9,0,0,0,4,0,2,0,2
Klojang JDBC,org.klojang.jdbc,DefaultBeanifier,72,77,11,5,19,19,10,6,3,5
Klojang JDBC,org.klojang.jdbc,SQLBatchInsert,27,468,8,24,8,96,8,25,0,17
Klojang JDBC,org.klojang.jdbc,SQLInsert,48,354,3,13,15,76,4,18,1,13
Klojang JDBC,org.klojang.jdbc,SQLUpdate,15,24,0,0,7,6,1,3,1,3
Klojang JDBC,org.klojang.jdbc,DefaultBeanifier.BeanIterator,31,0,2,0,6,0,4,0,3,0
Klojang JDBC,org.klojang.jdbc,DefaultMappifier.MapIterator,32,0,2,0,6,0,4,0,3,0
Klojang JDBC,org.klojang.jdbc,AbstractSQL,37,93,3,3,7,20,5,7,3,6
Klojang JDBC,org.klojang.jdbc,EmptyBeanifier,17,0,0,0,7,0,7,0,7,0
Klojang JDBC,org.klojang.jdbc,AbstractSQLSession,5,33,0,0,2,10,0,4,0,4
Klojang JDBC,org.klojang.jdbc,SQLStatement,35,218,0,4,5,44,2,10,2,8
Klojang JDBC,org.klojang.jdbc,BeanifierFactory,120,130,7,9,26,24,10,8,4,6
Klojang JDBC,org.klojang.jdbc,BindInfo,2,7,0,0,1,2,1,2,1,2
Klojang JDBC,org.klojang.jdbc,MappifierFactory,60,0,6,0,15,0,6,0,3,0
Klojang JDBC,org.klojang.jdbc,SQLTemplateSession,44,46,0,0,8,9,2,3,2,3
Klojang JDBC,org.klojang.jdbc,InsertBuilder.new BindInfo() {...},0,3,0,0,0,1,0,1,0,1
Klojang JDBC,org.klojang.jdbc,BeanValueProcessor,0,4,0,0,0,1,0,2,0,2
Klojang JDBC,org.klojang.jdbc,DatabaseException,15,4,0,0,5,2,3,1,3,1
Klojang JDBC,org.klojang.jdbc,DynamicSQLSession,148,151,8,8,31,36,9,14,2,12
Klojang JDBC,org.klojang.jdbc,RecordBeanifier,70,70,11,5,19,18,10,6,3,5
Klojang JDBC,org.klojang.jdbc,SQLSkeletonSession,67,227,0,6,14,43,3,13,3,10
Klojang JDBC,org.klojang.jdbc,Quoter,18,42,0,0,6,9,1,3,1,3
Klojang JDBC,org.klojang.jdbc,BindInfo.new BindInfo() {...},0,3,0,0,0,1,0,1,0,1
Klojang JDBC,org.klojang.jdbc,RecordBeanifier.BeanIterator,32,0,2,0,6,0,4,0,3,0
Klojang JDBC,org.klojang.jdbc,SQLSkeleton,4,19,0,0,2,5,0,2,0,2
Klojang JDBC,org.klojang.jdbc,SQLSession,65,4,0,0,16,1,15,1,15,1
Klojang JDBC,org.klojang.jdbc,BatchInsertBuilder,35,98,0,0,9,22,4,6,4,6
Klojang JDBC,org.klojang.jdbc,DefaultMappifier,140,0,16,0,37,0,16,0,8,0
Klojang JDBC,org.klojang.jdbc,SQL,60,140,0,0,12,30,8,16,8,16
Klojang JDBC,org.klojang.jdbc,SQLQuery,99,149,7,7,44,40,11,12,5,11
Klojang JDBC,org.klojang.jdbc,SimpleSQL,0,35,0,2,0,6,0,3,0,2
Klojang JDBC,org.klojang.jdbc,InsertBuilder,77,188,4,4,14,31,7,8,4,7
Klojang JDBC,org.klojang.jdbc,SQLTemplate,4,29,0,0,2,6,0,2,0,2
Klojang JDBC,org.klojang.jdbc.x.ps.writer,BigDecimalBinderLookup,0,119,0,0,0,19,0,10,0,10
Klojang JDBC,org.klojang.jdbc.x.ps.writer,ByteBinderLookup,0,88,0,0,0,12,0,2,0,2
Klojang JDBC,org.klojang.jdbc.x.ps.writer,LocalDateBinderLookup,6,57,0,0,0,11,1,6,1,6
Klojang JDBC,org.klojang.jdbc.x.ps.writer,BooleanBinderLookup,7,32,2,0,0,5,2,2,1,2
Klojang JDBC,org.klojang.jdbc.x.ps.writer,ShortBinderLookup,0,96,0,0,0,14,0,4,0,4
Klojang JDBC,org.klojang.jdbc.x.ps.writer,EnumBinderLookup,15,67,0,0,0,12,3,6,3,6
Klojang JDBC,org.klojang.jdbc.x.ps.writer,FloatBinderLookup,0,99,0,0,0,15,0,7,0,7
Klojang JDBC,org.klojang.jdbc.x.ps.writer,DoubleBinderLookup,0,109,0,0,0,18,0,9,0,9
Klojang JDBC,org.klojang.jdbc.x.ps.writer,StringBinderLookup,0,132,0,0,0,20,0,10,0,10
Klojang JDBC,org.klojang.jdbc.x.ps.writer,LongBinderLookup,0,76,0,0,0,13,0,6,0,6
Klojang JDBC,org.klojang.jdbc.x.ps.writer,LocalDateTimeBinderLookup,28,55,0,0,2,10,5,5,5,5
Klojang JDBC,org.klojang.jdbc.x.ps.writer,IntBinderLookup,0,64,0,0,0,11,0,5,0,5
Klojang JDBC,org.klojang.jdbc.x,JDBC,33,122,3,8,9,26,5,10,2,6
Klojang JDBC,org.klojang.jdbc.x,Strings,6,0,0,0,1,0,1,0,1,0
Klojang JDBC,org.klojang.jdbc.x,SQLCache,33,33,0,0,8,6,3,3,3,3
Klojang JDBC,org.klojang.jdbc.x,Utils,92,4,6,0,14,1,12,1,8,1
Klojang JDBC,org.klojang.jdbc.util,SQLTypeUtil,7,150,0,2,3,23,1,13,1,12
Klojang JDBC,org.klojang.jdbc.x.rs.reader,BooleanReaderLookup,0,110,0,0,0,10,0,2,0,2
Klojang JDBC,org.klojang.jdbc.x.rs.reader,DoubleReaderLookup,18,95,2,0,0,10,4,5,3,5
Klojang JDBC,org.klojang.jdbc.x.rs.reader,ByteReaderLookup,39,124,2,0,0,18,8,9,7,9
Klojang JDBC,org.klojang.jdbc.x.rs.reader,LongReaderLookup,48,132,6,0,6,18,10,9,7,9
Klojang JDBC,org.klojang.jdbc.x.rs.reader,UUIDReaderLookup,0,40,0,0,0,6,0,3,0,3
Klojang JDBC,org.klojang.jdbc.x.rs.reader,FloatReaderLookup,30,117,4,0,0,16,7,8,5,8
Klojang JDBC,org.klojang.jdbc.x.rs.reader,StringReaderLookup,0,11,0,0,0,3,0,3,0,3
Klojang JDBC,org.klojang.jdbc.x.rs.reader,IntReaderLookup,28,118,2,0,0,16,6,8,5,8
Klojang JDBC,org.klojang.jdbc.x.rs.reader,AbstractColumnReaderLookup,0,96,0,0,0,16,0,12,0,12
Klojang JDBC,org.klojang.jdbc.x.rs.reader,ShortReaderLookup,39,124,2,0,0,18,8,9,7,9
Klojang JDBC,org.klojang.jdbc.x.rs.reader,LocalDateTimeReaderLookup,36,59,8,0,1,11,9,6,5,6
Klojang JDBC,org.klojang.jdbc.x.rs.reader,BigDecimalReaderLookup,46,109,10,0,1,13,11,6,6,6
Klojang JDBC,org.klojang.jdbc.x.rs.reader,LocalDateReaderLookup,23,61,5,1,1,10,6,6,3,6
Klojang JDBC,org.klojang.jdbc.x.rs.reader,EnumReaderLookup,115,62,10,0,17,10,10,4,5,4
